<?xml version="1.0" encoding="UTF-8"?>
<testsuites>
  <testsuite name="D:\github\package\Laraguard\phpunit.xml.dist" tests="96" assertions="392" errors="0" failures="0" skipped="0" time="6.768264">
    <testsuite name="Test Suite" tests="96" assertions="392" errors="0" failures="0" skipped="0" time="6.768264">
      <testsuite name="Tests\EliteMilestone1Test" file="D:\github\package\Laraguard\tests\EliteMilestone1Test.php" tests="5" assertions="8" errors="0" failures="0" skipped="0" time="0.679999">
        <testcase name="test_laraguard_status_command" file="D:\github\package\Laraguard\tests\EliteMilestone1Test.php" line="28" class="Tests\EliteMilestone1Test" classname="Tests.EliteMilestone1Test" assertions="2" time="0.454656"/>
        <testcase name="test_laraguard_reset_command" file="D:\github\package\Laraguard\tests\EliteMilestone1Test.php" line="37" class="Tests\EliteMilestone1Test" classname="Tests.EliteMilestone1Test" assertions="3" time="0.079346"/>
        <testcase name="test_dispatches_two_factor_enabled_event" file="D:\github\package\Laraguard\tests\EliteMilestone1Test.php" line="59" class="Tests\EliteMilestone1Test" classname="Tests.EliteMilestone1Test" assertions="1" time="0.057997"/>
        <testcase name="test_dispatches_two_factor_disabled_event" file="D:\github\package\Laraguard\tests\EliteMilestone1Test.php" line="77" class="Tests\EliteMilestone1Test" classname="Tests.EliteMilestone1Test" assertions="1" time="0.047219"/>
        <testcase name="test_dispatches_two_factor_failed_event" file="D:\github\package\Laraguard\tests\EliteMilestone1Test.php" line="94" class="Tests\EliteMilestone1Test" classname="Tests.EliteMilestone1Test" assertions="1" time="0.040781"/>
      </testsuite>
      <testsuite name="Tests\EliteMilestone2Test" file="D:\github\package\Laraguard\tests\EliteMilestone2Test.php" tests="2" assertions="3" errors="0" failures="0" skipped="0" time="0.102054">
        <testcase name="test_logs_two_factor_enabled_event" file="D:\github\package\Laraguard\tests\EliteMilestone2Test.php" line="29" class="Tests\EliteMilestone2Test" classname="Tests.EliteMilestone2Test" assertions="1" time="0.050750"/>
        <testcase name="test_logs_two_factor_failed_event_with_payload" file="D:\github\package\Laraguard\tests\EliteMilestone2Test.php" line="47" class="Tests\EliteMilestone2Test" classname="Tests.EliteMilestone2Test" assertions="2" time="0.051304"/>
      </testsuite>
      <testsuite name="Tests\EliteMilestone4Test" file="D:\github\package\Laraguard\tests\EliteMilestone4Test.php" tests="2" assertions="6" errors="0" failures="0" skipped="0" time="0.087635">
        <testcase name="test_can_register_passkeys_to_user" file="D:\github\package\Laraguard\tests\EliteMilestone4Test.php" line="26" class="Tests\EliteMilestone4Test" classname="Tests.EliteMilestone4Test" assertions="3" time="0.046008"/>
        <testcase name="test_passkey_routes_are_registered" file="D:\github\package\Laraguard\tests\EliteMilestone4Test.php" line="46" class="Tests\EliteMilestone4Test" classname="Tests.EliteMilestone4Test" assertions="3" time="0.041627"/>
      </testsuite>
      <testsuite name="Tests\Events\EventsTest" file="D:\github\package\Laraguard\tests\Events\EventsTest.php" tests="4" assertions="4" errors="0" failures="0" skipped="0" time="0.189871">
        <testcase name="test_fires_two_factor_enabled_event" file="D:\github\package\Laraguard\tests\Events\EventsTest.php" line="34" class="Tests\Events\EventsTest" classname="Tests.Events.EventsTest" assertions="1" time="0.071666"/>
        <testcase name="test_fires_two_factor_disabled_event" file="D:\github\package\Laraguard\tests\Events\EventsTest.php" line="47" class="Tests\Events\EventsTest" classname="Tests.Events.EventsTest" assertions="1" time="0.036976"/>
        <testcase name="test_fires_two_factor_recovery_codes_depleted" file="D:\github\package\Laraguard\tests\Events\EventsTest.php" line="58" class="Tests\Events\EventsTest" classname="Tests.Events.EventsTest" assertions="1" time="0.043413"/>
        <testcase name="test_fires_two_factor_recovery_codes_generated" file="D:\github\package\Laraguard\tests\Events\EventsTest.php" line="80" class="Tests\Events\EventsTest" classname="Tests.Events.EventsTest" assertions="1" time="0.037816"/>
      </testsuite>
      <testsuite name="Tests\Http\Middleware\ConfirmTwoFactorEnabledTest" file="D:\github\package\Laraguard\tests\Http\Middleware\ConfirmTwoFactorEnabledTest.php" tests="10" assertions="88" errors="0" failures="0" skipped="0" time="0.710614">
        <testcase name="test_guest_cant_access" file="D:\github\package\Laraguard\tests\Http\Middleware\ConfirmTwoFactorEnabledTest.php" line="39" class="Tests\Http\Middleware\ConfirmTwoFactorEnabledTest" classname="Tests.Http.Middleware.ConfirmTwoFactorEnabledTest" assertions="3" time="0.087939"/>
        <testcase name="test_continues_if_user_is_not_2fa_instance" file="D:\github\package\Laraguard\tests\Http\Middleware\ConfirmTwoFactorEnabledTest.php" line="46" class="Tests\Http\Middleware\ConfirmTwoFactorEnabledTest" classname="Tests.Http.Middleware.ConfirmTwoFactorEnabledTest" assertions="2" time="0.042582"/>
        <testcase name="test_continues_if_user_is_2fa_but_not_activated" file="D:\github\package\Laraguard\tests\Http\Middleware\ConfirmTwoFactorEnabledTest.php" line="58" class="Tests\Http\Middleware\ConfirmTwoFactorEnabledTest" classname="Tests.Http.Middleware.ConfirmTwoFactorEnabledTest" assertions="2" time="0.042658"/>
        <testcase name="test_asks_for_confirmation" file="D:\github\package\Laraguard\tests\Http\Middleware\ConfirmTwoFactorEnabledTest.php" line="66" class="Tests\Http\Middleware\ConfirmTwoFactorEnabledTest" classname="Tests.Http.Middleware.ConfirmTwoFactorEnabledTest" assertions="2" time="0.054385"/>
        <testcase name="test_redirects_to_intended_when_code_valid" file="D:\github\package\Laraguard\tests\Http\Middleware\ConfirmTwoFactorEnabledTest.php" line="75" class="Tests\Http\Middleware\ConfirmTwoFactorEnabledTest" classname="Tests.Http.Middleware.ConfirmTwoFactorEnabledTest" assertions="5" time="0.051975"/>
        <testcase name="test_returns_ok_on_json_response" file="D:\github\package\Laraguard\tests\Http\Middleware\ConfirmTwoFactorEnabledTest.php" line="96" class="Tests\Http\Middleware\ConfirmTwoFactorEnabledTest" classname="Tests.Http.Middleware.ConfirmTwoFactorEnabledTest" assertions="6" time="0.049770"/>
        <testcase name="test_returns_validation_error_when_code_invalid" file="D:\github\package\Laraguard\tests\Http\Middleware\ConfirmTwoFactorEnabledTest.php" line="112" class="Tests\Http\Middleware\ConfirmTwoFactorEnabledTest" classname="Tests.Http.Middleware.ConfirmTwoFactorEnabledTest" assertions="2" time="0.058238"/>
        <testcase name="test_bypasses_check_if_below_timeout" file="D:\github\package\Laraguard\tests\Http\Middleware\ConfirmTwoFactorEnabledTest.php" line="126" class="Tests\Http\Middleware\ConfirmTwoFactorEnabledTest" classname="Tests.Http.Middleware.ConfirmTwoFactorEnabledTest" assertions="2" time="0.053629"/>
        <testcase name="test_throttles_totp" file="D:\github\package\Laraguard\tests\Http\Middleware\ConfirmTwoFactorEnabledTest.php" line="145" class="Tests\Http\Middleware\ConfirmTwoFactorEnabledTest" classname="Tests.Http.Middleware.ConfirmTwoFactorEnabledTest" assertions="62" time="0.225316"/>
        <testcase name="test_routes_to_alternate_named_route" file="D:\github\package\Laraguard\tests\Http\Middleware\ConfirmTwoFactorEnabledTest.php" line="166" class="Tests\Http\Middleware\ConfirmTwoFactorEnabledTest" classname="Tests.Http.Middleware.ConfirmTwoFactorEnabledTest" assertions="2" time="0.044123"/>
      </testsuite>
      <testsuite name="Tests\Http\Middleware\RequireTwoFactorEnabledTest" file="D:\github\package\Laraguard\tests\Http\Middleware\RequireTwoFactorEnabledTest.php" tests="5" assertions="13" errors="0" failures="0" skipped="0" time="0.231629">
        <testcase name="test_guest_cant_access" file="D:\github\package\Laraguard\tests\Http\Middleware\RequireTwoFactorEnabledTest.php" line="43" class="Tests\Http\Middleware\RequireTwoFactorEnabledTest" classname="Tests.Http.Middleware.RequireTwoFactorEnabledTest" assertions="4" time="0.045199"/>
        <testcase name="test_user_no_2fa_can_access" file="D:\github\package\Laraguard\tests\Http\Middleware\RequireTwoFactorEnabledTest.php" line="50" class="Tests\Http\Middleware\RequireTwoFactorEnabledTest" classname="Tests.Http.Middleware.RequireTwoFactorEnabledTest" assertions="3" time="0.044085"/>
        <testcase name="test_user_2fa_not_enabled_cant_access" file="D:\github\package\Laraguard\tests\Http\Middleware\RequireTwoFactorEnabledTest.php" line="63" class="Tests\Http\Middleware\RequireTwoFactorEnabledTest" classname="Tests.Http.Middleware.RequireTwoFactorEnabledTest" assertions="3" time="0.049741"/>
        <testcase name="test_user_2fa_enabled_access" file="D:\github\package\Laraguard\tests\Http\Middleware\RequireTwoFactorEnabledTest.php" line="74" class="Tests\Http\Middleware\RequireTwoFactorEnabledTest" classname="Tests.Http.Middleware.RequireTwoFactorEnabledTest" assertions="2" time="0.053871"/>
        <testcase name="test_redirects_to_custom_notice" file="D:\github\package\Laraguard\tests\Http\Middleware\RequireTwoFactorEnabledTest.php" line="83" class="Tests\Http\Middleware\RequireTwoFactorEnabledTest" classname="Tests.Http.Middleware.RequireTwoFactorEnabledTest" assertions="1" time="0.038733"/>
      </testsuite>
      <testsuite name="Tests\LaraguardTest" file="D:\github\package\Laraguard\tests\LaraguardTest.php" tests="14" assertions="23" errors="0" failures="0" skipped="0" time="2.314405">
        <testcase name="test_authenticates_with_when" file="D:\github\package\Laraguard\tests\LaraguardTest.php" line="42" class="Tests\LaraguardTest" classname="Tests.LaraguardTest" assertions="1" time="0.127717"/>
        <testcase name="test_authenticates_with_when_with_no_exceptions" file="D:\github\package\Laraguard\tests\LaraguardTest.php" line="56" class="Tests\LaraguardTest" classname="Tests.LaraguardTest" assertions="1" time="0.122309"/>
        <testcase name="test_authenticates_with_when_with_recovery_code" file="D:\github\package\Laraguard\tests\LaraguardTest.php" line="70" class="Tests\LaraguardTest" classname="Tests.LaraguardTest" assertions="2" time="0.121881"/>
        <testcase name="test_authenticates_with_when_with_recovery_code_with_no_exceptions" file="D:\github\package\Laraguard\tests\LaraguardTest.php" line="87" class="Tests\LaraguardTest" classname="Tests.LaraguardTest" assertions="2" time="0.130153"/>
        <testcase name="test_authenticates_with_different_input_name" file="D:\github\package\Laraguard\tests\LaraguardTest.php" line="104" class="Tests\LaraguardTest" classname="Tests.LaraguardTest" assertions="1" time="0.119979"/>
        <testcase name="test_doesnt_authenticates_with_invalid_code" file="D:\github\package\Laraguard\tests\LaraguardTest.php" line="118" class="Tests\LaraguardTest" classname="Tests.LaraguardTest" assertions="1" time="0.242876"/>
        <testcase name="test_non_two_factor_user_bypasses_checks" file="D:\github\package\Laraguard\tests\LaraguardTest.php" line="132" class="Tests\LaraguardTest" classname="Tests.LaraguardTest" assertions="1" time="0.136690"/>
        <testcase name="test_user_without_2fa_enabled_bypasses_check" file="D:\github\package\Laraguard\tests\LaraguardTest.php" line="146" class="Tests\LaraguardTest" classname="Tests.LaraguardTest" assertions="1" time="0.123635"/>
        <testcase name="test_validation_exception_when_code_invalid" file="D:\github\package\Laraguard\tests\LaraguardTest.php" line="160" class="Tests\LaraguardTest" classname="Tests.LaraguardTest" assertions="2" time="0.248236"/>
        <testcase name="test_validation_exception_when_code_empty" file="D:\github\package\Laraguard\tests\LaraguardTest.php" line="181" class="Tests\LaraguardTest" classname="Tests.LaraguardTest" assertions="2" time="0.281884"/>
        <testcase name="test_validation_exception_with_message_when_code_invalid" file="D:\github\package\Laraguard\tests\LaraguardTest.php" line="202" class="Tests\LaraguardTest" classname="Tests.LaraguardTest" assertions="2" time="0.259308"/>
        <testcase name="test_saves_safe_device" file="D:\github\package\Laraguard\tests\LaraguardTest.php" line="223" class="Tests\LaraguardTest" classname="Tests.LaraguardTest" assertions="3" time="0.146841"/>
        <testcase name="test_doesnt_adds_safe_device_when_input_not_filled" file="D:\github\package\Laraguard\tests\LaraguardTest.php" line="245" class="Tests\LaraguardTest" classname="Tests.LaraguardTest" assertions="3" time="0.125182"/>
        <testcase name="test_doesnt_bypasses_totp_if_safe_devices" file="D:\github\package\Laraguard\tests\LaraguardTest.php" line="265" class="Tests\LaraguardTest" classname="Tests.LaraguardTest" assertions="1" time="0.127714"/>
      </testsuite>
      <testsuite name="Tests\Models\TwoFactorAuthenticationTest" file="D:\github\package\Laraguard\tests\Models\TwoFactorAuthenticationTest.php" tests="19" assertions="120" errors="0" failures="0" skipped="0" time="0.941333">
        <testcase name="test_returns_authenticatable" file="D:\github\package\Laraguard\tests\Models\TwoFactorAuthenticationTest.php" line="32" class="Tests\Models\TwoFactorAuthenticationTest" classname="Tests.Models.TwoFactorAuthenticationTest" assertions="2" time="0.043240"/>
        <testcase name="test_lowercases_algorithm" file="D:\github\package\Laraguard\tests\Models\TwoFactorAuthenticationTest.php" line="49" class="Tests\Models\TwoFactorAuthenticationTest" classname="Tests.Models.TwoFactorAuthenticationTest" assertions="1" time="0.043564"/>
        <testcase name="test_is_enabled_and_is_disabled" file="D:\github\package\Laraguard\tests\Models\TwoFactorAuthenticationTest.php" line="60" class="Tests\Models\TwoFactorAuthenticationTest" classname="Tests.Models.TwoFactorAuthenticationTest" assertions="4" time="0.037180"/>
        <testcase name="test_flushes_authentication" file="D:\github\package\Laraguard\tests\Models\TwoFactorAuthenticationTest.php" line="73" class="Tests\Models\TwoFactorAuthenticationTest" classname="Tests.Models.TwoFactorAuthenticationTest" assertions="19" time="0.042285"/>
        <testcase name="test_generates_random_secret" file="D:\github\package\Laraguard\tests\Models\TwoFactorAuthenticationTest.php" line="106" class="Tests\Models\TwoFactorAuthenticationTest" classname="Tests.Models.TwoFactorAuthenticationTest" assertions="1" time="0.035639"/>
        <testcase name="test_makes_code" file="D:\github\package\Laraguard\tests\Models\TwoFactorAuthenticationTest.php" line="113" class="Tests\Models\TwoFactorAuthenticationTest" classname="Tests.Models.TwoFactorAuthenticationTest" assertions="37" time="0.041802"/>
        <testcase name="test_makes_code_for_timestamp" file="D:\github\package\Laraguard\tests\Models\TwoFactorAuthenticationTest.php" line="142" class="Tests\Models\TwoFactorAuthenticationTest" classname="Tests.Models.TwoFactorAuthenticationTest" assertions="2" time="0.049259"/>
        <testcase name="test_validate_code" file="D:\github\package\Laraguard\tests\Models\TwoFactorAuthenticationTest.php" line="152" class="Tests\Models\TwoFactorAuthenticationTest" classname="Tests.Models.TwoFactorAuthenticationTest" assertions="4" time="0.045049"/>
        <testcase name="test_validate_code_with_window" file="D:\github\package\Laraguard\tests\Models\TwoFactorAuthenticationTest.php" line="171" class="Tests\Models\TwoFactorAuthenticationTest" classname="Tests.Models.TwoFactorAuthenticationTest" assertions="6" time="0.037337"/>
        <testcase name="test_contains_unused_recovery_codes" file="D:\github\package\Laraguard\tests\Models\TwoFactorAuthenticationTest.php" line="200" class="Tests\Models\TwoFactorAuthenticationTest" classname="Tests.Models.TwoFactorAuthenticationTest" assertions="3" time="0.042490"/>
        <testcase name="test_generates_recovery_codes" file="D:\github\package\Laraguard\tests\Models\TwoFactorAuthenticationTest.php" line="224" class="Tests\Models\TwoFactorAuthenticationTest" classname="Tests.Models.TwoFactorAuthenticationTest" assertions="27" time="0.038680"/>
        <testcase name="test_generates_random_safe_device_remember_token" file="D:\github\package\Laraguard\tests\Models\TwoFactorAuthenticationTest.php" line="236" class="Tests\Models\TwoFactorAuthenticationTest" classname="Tests.Models.TwoFactorAuthenticationTest" assertions="1" time="0.044294"/>
        <testcase name="test_serializes_to_string" file="D:\github\package\Laraguard\tests\Models\TwoFactorAuthenticationTest.php" line="241" class="Tests\Models\TwoFactorAuthenticationTest" classname="Tests.Models.TwoFactorAuthenticationTest" assertions="3" time="0.038486"/>
        <testcase name="test_serializes_to_grouped_string" file="D:\github\package\Laraguard\tests\Models\TwoFactorAuthenticationTest.php" line="252" class="Tests\Models\TwoFactorAuthenticationTest" classname="Tests.Models.TwoFactorAuthenticationTest" assertions="1" time="0.041254"/>
        <testcase name="test_serializes_to_uri" file="D:\github\package\Laraguard\tests\Models\TwoFactorAuthenticationTest.php" line="261" class="Tests\Models\TwoFactorAuthenticationTest" classname="Tests.Models.TwoFactorAuthenticationTest" assertions="1" time="0.037996"/>
        <testcase name="test_serializes_to_qr_and_renders_to_qr" file="D:\github\package\Laraguard\tests\Models\TwoFactorAuthenticationTest.php" line="277" class="Tests\Models\TwoFactorAuthenticationTest" classname="Tests.Models.TwoFactorAuthenticationTest" assertions="2" time="0.135352"/>
        <testcase name="test_serializes_to_qr_and_renders_to_qr_with_custom_values" file="D:\github\package\Laraguard\tests\Models\TwoFactorAuthenticationTest.php" line="293" class="Tests\Models\TwoFactorAuthenticationTest" classname="Tests.Models.TwoFactorAuthenticationTest" assertions="2" time="0.109942"/>
        <testcase name="test_serializes_uri_to_json" file="D:\github\package\Laraguard\tests\Models\TwoFactorAuthenticationTest.php" line="313" class="Tests\Models\TwoFactorAuthenticationTest" classname="Tests.Models.TwoFactorAuthenticationTest" assertions="2" time="0.036869"/>
        <testcase name="test_changes_issuer" file="D:\github\package\Laraguard\tests\Models\TwoFactorAuthenticationTest.php" line="330" class="Tests\Models\TwoFactorAuthenticationTest" classname="Tests.Models.TwoFactorAuthenticationTest" assertions="2" time="0.040614"/>
      </testsuite>
      <testsuite name="Tests\Models\UpgradeTest" file="D:\github\package\Laraguard\tests\Models\UpgradeTest.php" tests="2" assertions="10" errors="0" failures="0" skipped="0" time="0.037075">
        <testcase name="test_migrates_old_table_and_records" file="D:\github\package\Laraguard\tests\Models\UpgradeTest.php" line="28" class="Tests\Models\UpgradeTest" classname="Tests.Models.UpgradeTest" assertions="5" time="0.022483"/>
        <testcase name="test_rollbacks_migration" file="D:\github\package\Laraguard\tests\Models\UpgradeTest.php" line="64" class="Tests\Models\UpgradeTest" classname="Tests.Models.UpgradeTest" assertions="5" time="0.014592"/>
      </testsuite>
      <testsuite name="Tests\Rules\TotpRuleTest" file="D:\github\package\Laraguard\tests\Rules\TotpRuleTest.php" tests="8" assertions="8" errors="0" failures="0" skipped="0" time="0.346235">
        <testcase name="test_validation_fails_if_guest" file="D:\github\package\Laraguard\tests\Rules\TotpRuleTest.php" line="35" class="Tests\Rules\TotpRuleTest" classname="Tests.Rules.TotpRuleTest" assertions="1" time="0.040467"/>
        <testcase name="test_validation_fails_if_user_is_not_2fa" file="D:\github\package\Laraguard\tests\Rules\TotpRuleTest.php" line="46" class="Tests\Rules\TotpRuleTest" classname="Tests.Rules.TotpRuleTest" assertions="1" time="0.044432"/>
        <testcase name="test_validator_fails_if_user_is_2fa_but_not_enabled" file="D:\github\package\Laraguard\tests\Rules\TotpRuleTest.php" line="65" class="Tests\Rules\TotpRuleTest" classname="Tests.Rules.TotpRuleTest" assertions="1" time="0.040542"/>
        <testcase name="test_validator_fails_if_user_is_2fa_but_code_is_invalid" file="D:\github\package\Laraguard\tests\Rules\TotpRuleTest.php" line="78" class="Tests\Rules\TotpRuleTest" classname="Tests.Rules.TotpRuleTest" assertions="1" time="0.041213"/>
        <testcase name="test_validator_fails_if_user_is_2fa_but_code_is_expired_over_window" file="D:\github\package\Laraguard\tests\Rules\TotpRuleTest.php" line="91" class="Tests\Rules\TotpRuleTest" classname="Tests.Rules.TotpRuleTest" assertions="1" time="0.042681"/>
        <testcase name="test_validator_succeeds_if_code_valid" file="D:\github\package\Laraguard\tests\Rules\TotpRuleTest.php" line="106" class="Tests\Rules\TotpRuleTest" classname="Tests.Rules.TotpRuleTest" assertions="1" time="0.040679"/>
        <testcase name="test_validator_succeeds_if_code_is_recovery" file="D:\github\package\Laraguard\tests\Rules\TotpRuleTest.php" line="121" class="Tests\Rules\TotpRuleTest" classname="Tests.Rules.TotpRuleTest" assertions="1" time="0.046138"/>
        <testcase name="test_validator_rule_uses_translation" file="D:\github\package\Laraguard\tests\Rules\TotpRuleTest.php" line="134" class="Tests\Rules\TotpRuleTest" classname="Tests.Rules.TotpRuleTest" assertions="1" time="0.050083"/>
      </testsuite>
      <testsuite name="Tests\TwoFactorAuthenticationTest" file="D:\github\package\Laraguard\tests\TwoFactorAuthenticationTest.php" tests="25" assertions="109" errors="0" failures="0" skipped="0" time="1.127414">
        <testcase name="test_hides_relation_from_serialization" file="D:\github\package\Laraguard\tests\TwoFactorAuthenticationTest.php" line="39" class="Tests\TwoFactorAuthenticationTest" classname="Tests.TwoFactorAuthenticationTest" assertions="2" time="0.045846"/>
        <testcase name="test_returns_two_factor_relation" file="D:\github\package\Laraguard\tests\TwoFactorAuthenticationTest.php" line="47" class="Tests\TwoFactorAuthenticationTest" classname="Tests.TwoFactorAuthenticationTest" assertions="2" time="0.050540"/>
        <testcase name="test_has_two_factor_enabled" file="D:\github\package\Laraguard\tests\TwoFactorAuthenticationTest.php" line="53" class="Tests\TwoFactorAuthenticationTest" classname="Tests.TwoFactorAuthenticationTest" assertions="2" time="0.048411"/>
        <testcase name="test_disables_two_factor_authentication" file="D:\github\package\Laraguard\tests\TwoFactorAuthenticationTest.php" line="62" class="Tests\TwoFactorAuthenticationTest" classname="Tests.TwoFactorAuthenticationTest" assertions="2" time="0.049504"/>
        <testcase name="test_enables_two_factor_authentication" file="D:\github\package\Laraguard\tests\TwoFactorAuthenticationTest.php" line="74" class="Tests\TwoFactorAuthenticationTest" classname="Tests.TwoFactorAuthenticationTest" assertions="2" time="0.054834"/>
        <testcase name="test_creates_two_factor_authentication" file="D:\github\package\Laraguard\tests\TwoFactorAuthenticationTest.php" line="86" class="Tests\TwoFactorAuthenticationTest" classname="Tests.TwoFactorAuthenticationTest" assertions="6" time="0.039022"/>
        <testcase name="test_creates_two_factor_flushes_old_auth" file="D:\github\package\Laraguard\tests\TwoFactorAuthenticationTest.php" line="115" class="Tests\TwoFactorAuthenticationTest" classname="Tests.TwoFactorAuthenticationTest" assertions="8" time="0.039181"/>
        <testcase name="test_rewrites_when_creating_two_factor_authentication" file="D:\github\package\Laraguard\tests\TwoFactorAuthenticationTest.php" line="133" class="Tests\TwoFactorAuthenticationTest" classname="Tests.TwoFactorAuthenticationTest" assertions="4" time="0.039621"/>
        <testcase name="test_new_user_confirms_two_factor_successfully" file="D:\github\package\Laraguard\tests\TwoFactorAuthenticationTest.php" line="151" class="Tests\TwoFactorAuthenticationTest" classname="Tests.TwoFactorAuthenticationTest" assertions="6" time="0.046040"/>
        <testcase name="test_confirms_twice_but_doesnt_change_the_secret" file="D:\github\package\Laraguard\tests\TwoFactorAuthenticationTest.php" line="181" class="Tests\TwoFactorAuthenticationTest" classname="Tests.TwoFactorAuthenticationTest" assertions="6" time="0.040871"/>
        <testcase name="test_doesnt_confirm_two_factor_auth_with_old_recovery_code" file="D:\github\package\Laraguard\tests\TwoFactorAuthenticationTest.php" line="205" class="Tests\TwoFactorAuthenticationTest" classname="Tests.TwoFactorAuthenticationTest" assertions="1" time="0.057931"/>
        <testcase name="test_old_user_confirms_new_two_factor_successfully" file="D:\github\package\Laraguard\tests\TwoFactorAuthenticationTest.php" line="216" class="Tests\TwoFactorAuthenticationTest" classname="Tests.TwoFactorAuthenticationTest" assertions="10" time="0.060553"/>
        <testcase name="test_validates_two_factor_code" file="D:\github\package\Laraguard\tests\TwoFactorAuthenticationTest.php" line="249" class="Tests\TwoFactorAuthenticationTest" classname="Tests.TwoFactorAuthenticationTest" assertions="1" time="0.041409"/>
        <testcase name="test_validates_two_factor_code_with_recovery_code" file="D:\github\package\Laraguard\tests\TwoFactorAuthenticationTest.php" line="258" class="Tests\TwoFactorAuthenticationTest" classname="Tests.TwoFactorAuthenticationTest" assertions="3" time="0.037731"/>
        <testcase name="test_doesnt_validates_if_two_factor_auth_is_disabled" file="D:\github\package\Laraguard\tests\TwoFactorAuthenticationTest.php" line="272" class="Tests\TwoFactorAuthenticationTest" classname="Tests.TwoFactorAuthenticationTest" assertions="3" time="0.038382"/>
        <testcase name="test_fires_recovery_codes_depleted" file="D:\github\package\Laraguard\tests\TwoFactorAuthenticationTest.php" line="288" class="Tests\TwoFactorAuthenticationTest" classname="Tests.TwoFactorAuthenticationTest" assertions="22" time="0.052990"/>
        <testcase name="test_safe_device" file="D:\github\package\Laraguard\tests\TwoFactorAuthenticationTest.php" line="306" class="Tests\TwoFactorAuthenticationTest" classname="Tests.TwoFactorAuthenticationTest" assertions="4" time="0.042471"/>
        <testcase name="test_oldest_safe_device_discarded_when_adding_maximum" file="D:\github\package\Laraguard\tests\TwoFactorAuthenticationTest.php" line="323" class="Tests\TwoFactorAuthenticationTest" classname="Tests.TwoFactorAuthenticationTest" assertions="3" time="0.044921"/>
        <testcase name="test_flushes_safe_devices" file="D:\github\package\Laraguard\tests\TwoFactorAuthenticationTest.php" line="352" class="Tests\TwoFactorAuthenticationTest" classname="Tests.TwoFactorAuthenticationTest" assertions="2" time="0.051430"/>
        <testcase name="test_is_safe_device_and_safe_with_other_ip" file="D:\github\package\Laraguard\tests\TwoFactorAuthenticationTest.php" line="373" class="Tests\TwoFactorAuthenticationTest" classname="Tests.TwoFactorAuthenticationTest" assertions="2" time="0.043031"/>
        <testcase name="test_not_safe_device_if_remember_code_doesnt_match" file="D:\github\package\Laraguard\tests\TwoFactorAuthenticationTest.php" line="397" class="Tests\TwoFactorAuthenticationTest" classname="Tests.TwoFactorAuthenticationTest" assertions="2" time="0.040045"/>
        <testcase name="test_not_safe_device_if_expired" file="D:\github\package\Laraguard\tests\TwoFactorAuthenticationTest.php" line="421" class="Tests\TwoFactorAuthenticationTest" classname="Tests.TwoFactorAuthenticationTest" assertions="6" time="0.039116"/>
        <testcase name="test_unique_code_works_only_one_time" file="D:\github\package\Laraguard\tests\TwoFactorAuthenticationTest.php" line="455" class="Tests\TwoFactorAuthenticationTest" classname="Tests.TwoFactorAuthenticationTest" assertions="4" time="0.038639"/>
        <testcase name="test_unique_code_works_only_one_time_with_extended_window" file="D:\github\package\Laraguard\tests\TwoFactorAuthenticationTest.php" line="472" class="Tests\TwoFactorAuthenticationTest" classname="Tests.TwoFactorAuthenticationTest" assertions="4" time="0.041053"/>
        <testcase name="test_unique_code_works_only_one_time_in_extended_time" file="D:\github\package\Laraguard\tests\TwoFactorAuthenticationTest.php" line="492" class="Tests\TwoFactorAuthenticationTest" classname="Tests.TwoFactorAuthenticationTest" assertions="2" time="0.043840"/>
      </testsuite>
    </testsuite>
  </testsuite>
</testsuites>
